<?xml version="1.0" encoding="UTF-8"?>
<testsuite xmlns:xsi="http://www.w3.org/2001/XMLSchema-instance" xsi:noNamespaceSchemaLocation="https://maven.apache.org/surefire/maven-surefire-plugin/xsd/surefire-test-report-3.0.xsd" version="3.0" name="com.juvenxu.mvnbook.helloworld.HelloWorldTest" time="0.03" tests="1" errors="0" skipped="0" failures="0">
  <properties>
    <property name="sun.desktop" value="windows"/>
    <property name="awt.toolkit" value="sun.awt.windows.WToolkit"/>
    <property name="file.encoding.pkg" value="sun.io"/>
    <property name="java.specification.version" value="1.8"/>
    <property name="sun.cpu.isalist" value="amd64"/>
    <property name="sun.jnu.encoding" value="GBK"/>
    <property name="java.class.path" value="D:\软件工程\实验六\ch-3\hello-world\target\test-classes;D:\软件工程\实验六\ch-3\hello-world\target\classes;C:\Users\熊嘉鑫\.m2\repository\junit\junit\4.7\junit-4.7.jar;"/>
    <property name="java.vm.vendor" value="Oracle Corporation"/>
    <property name="sun.arch.data.model" value="64"/>
    <property name="user.variant" value=""/>
    <property name="java.vendor.url" value="https://java.oracle.com/"/>
    <property name="user.timezone" value="Asia/Shanghai"/>
    <property name="java.vm.specification.version" value="1.8"/>
    <property name="os.name" value="Windows 11"/>
    <property name="user.country" value="CN"/>
    <property name="sun.java.launcher" value="SUN_STANDARD"/>
    <property name="sun.boot.library.path" value="C:\Program Files\Java\jdk-1.8\jre\bin"/>
    <property name="sun.java.command" value="C:\Users\熊嘉鑫\AppData\Local\Temp\surefire4607189451877675041\surefirebooter-20250427203426830_3.jar C:\Users\熊嘉鑫\AppData\Local\Temp\surefire4607189451877675041 2025-04-27T20-34-26_444-jvmRun1 surefire-20250427203426830_1tmp surefire_0-20250427203426830_2tmp"/>
    <property name="surefire.test.class.path" value="D:\软件工程\实验六\ch-3\hello-world\target\test-classes;D:\软件工程\实验六\ch-3\hello-world\target\classes;C:\Users\熊嘉鑫\.m2\repository\junit\junit\4.7\junit-4.7.jar;"/>
    <property name="sun.cpu.endian" value="little"/>
    <property name="user.home" value="C:\Users\熊嘉鑫"/>
    <property name="user.language" value="zh"/>
    <property name="java.specification.vendor" value="Oracle Corporation"/>
    <property name="java.home" value="C:\Program Files\Java\jdk-1.8\jre"/>
    <property name="basedir" value="D:\软件工程\实验六\ch-3\hello-world"/>
    <property name="file.separator" value="\"/>
    <property name="line.separator" value="&#10;"/>
    <property name="java.vm.specification.vendor" value="Oracle Corporation"/>
    <property name="java.specification.name" value="Java Platform API Specification"/>
    <property name="java.awt.graphicsenv" value="sun.awt.Win32GraphicsEnvironment"/>
    <property name="surefire.real.class.path" value="C:\Users\熊嘉鑫\AppData\Local\Temp\surefire4607189451877675041\surefirebooter-20250427203426830_3.jar"/>
    <property name="sun.boot.class.path" value="C:\Program Files\Java\jdk-1.8\jre\lib\resources.jar;C:\Program Files\Java\jdk-1.8\jre\lib\rt.jar;C:\Program Files\Java\jdk-1.8\jre\lib\jsse.jar;C:\Program Files\Java\jdk-1.8\jre\lib\jce.jar;C:\Program Files\Java\jdk-1.8\jre\lib\charsets.jar;C:\Program Files\Java\jdk-1.8\jre\lib\jfr.jar;C:\Program Files\Java\jdk-1.8\jre\classes"/>
    <property name="user.script" value=""/>
    <property name="sun.management.compiler" value="HotSpot 64-Bit Tiered Compilers"/>
    <property name="java.runtime.version" value="1.8.0_451-b10"/>
    <property name="user.name" value="熊嘉鑫"/>
    <property name="path.separator" value=";"/>
    <property name="os.version" value="10.0"/>
    <property name="java.endorsed.dirs" value="C:\Program Files\Java\jdk-1.8\jre\lib\endorsed"/>
    <property name="java.runtime.name" value="Java(TM) SE Runtime Environment"/>
    <property name="file.encoding" value="GBK"/>
    <property name="java.vm.name" value="Java HotSpot(TM) 64-Bit Server VM"/>
    <property name="localRepository" value="C:\Users\熊嘉鑫\.m2\repository"/>
    <property name="java.vendor.url.bug" value="https://bugreport.sun.com/bugreport/"/>
    <property name="java.io.tmpdir" value="C:\Users\熊嘉鑫\AppData\Local\Temp\"/>
    <property name="java.version" value="1.8.0_451"/>
    <property name="user.dir" value="D:\软件工程\实验六\ch-3\hello-world"/>
    <property name="os.arch" value="amd64"/>
    <property name="java.vm.specification.name" value="Java Virtual Machine Specification"/>
    <property name="java.awt.printerjob" value="sun.awt.windows.WPrinterJob"/>
    <property name="sun.os.patch.level" value=""/>
    <property name="java.library.path" value="C:\Program Files\Java\jdk-1.8\jre\bin;C:\WINDOWS\Sun\Java\bin;C:\WINDOWS\system32;C:\WINDOWS;C:\python\Scripts\;C:\python\;C:\Program Files (x86)\VMware\VMware Workstation\bin\;C:\Program Files\Common Files\Oracle\Java\javapath;C:\Program Files (x86)\Microsoft SQL Server\150\DTS\Binn\;C:\Program Files\Microsoft SQL Server\Client SDK\ODBC\170\Tools\Binn\;C:\Program Files (x86)\Microsoft SQL Server\150\Tools\Binn\;C:\Program Files\Microsoft SQL Server\150\Tools\Binn\;C:\Program Files\Microsoft SQL Server\150\DTS\Binn\;C:\Program Files\MATLAB\R2024a\bin;D:\mingw64\bin;E:\Git\cmd;E:\apache-maven-3.9.9\bin;C:\Program Files\Java\jdk-1.8\bin;C:\Program Files\MySQL\MySQL Shell 8.0\bin\;C:\Users\熊嘉鑫\AppData\Local\Microsoft\WindowsApps;C:\Users\熊嘉鑫\AppData\Local\Programs\Microsoft VS Code\bin;C:\Program Files (x86)\Tencent\QQGameTempest\Hall.57938\;C:\pycharm\PyCharm 2023.3.5\bin;;C:\Users\熊嘉鑫\Downloads\x86_64-8.1.0-release-posix-seh-rt_v6-rev0\mingw64\bin;D:\mingw64\bin;;."/>
    <property name="java.vm.info" value="mixed mode"/>
    <property name="java.vendor" value="Oracle Corporation"/>
    <property name="java.vm.version" value="25.451-b10"/>
    <property name="java.specification.maintenance.version" value="6"/>
    <property name="java.ext.dirs" value="C:\Program Files\Java\jdk-1.8\jre\lib\ext;C:\WINDOWS\Sun\Java\lib\ext"/>
    <property name="sun.io.unicode.encoding" value="UnicodeLittle"/>
    <property name="java.class.version" value="52.0"/>
  </properties>
  <testcase name="testSayHello" classname="com.juvenxu.mvnbook.helloworld.HelloWorldTest" time="0.008"/>
</testsuite>